C51 COMPILER V9.60.7.0   GPIO                                                              01/14/2025 12:52:11 PAGE 1   


C51 COMPILER V9.60.7.0, COMPILATION OF MODULE GPIO
OBJECT MODULE PLACED IN .\Objects\gpio.obj
COMPILER INVOKED BY: C:\Keil_v5\C51\BIN\C51.EXE gpio.c OPTIMIZE(8,SPEED) BROWSE DEBUG OBJECTEXTEND PRINT(.\Listings\gpio
                    -.lst) TABS(2) OBJECT(.\Objects\gpio.obj)

line level    source

   1          #include "gpio.h"
   2          #include "at89c51rc2.h"
   3          
   4          void init_gpio(void)
   5          {
   6   1        P0 = 0xFF;
   7   1        P2 = 0x00;
   8   1      }


MODULE INFORMATION:   STATIC OVERLAYABLE
   CODE SIZE        =      7    ----
   CONSTANT SIZE    =   ----    ----
   XDATA SIZE       =   ----    ----
   PDATA SIZE       =   ----    ----
   DATA SIZE        =   ----    ----
   IDATA SIZE       =   ----    ----
   BIT SIZE         =   ----    ----
END OF MODULE INFORMATION.


C51 COMPILATION COMPLETE.  0 WARNING(S),  0 ERROR(S)
