C51 COMPILER V9.60.7.0   PREKIDI                                                           01/14/2025 12:52:11 PAGE 1   


C51 COMPILER V9.60.7.0, COMPILATION OF MODULE PREKIDI
OBJECT MODULE PLACED IN .\Objects\prekidi.obj
COMPILER INVOKED BY: C:\Keil_v5\C51\BIN\C51.EXE prekidi.c OPTIMIZE(8,SPEED) BROWSE DEBUG OBJECTEXTEND PRINT(.\Listings\p
                    -rekidi.lst) TABS(2) OBJECT(.\Objects\prekidi.obj)

line level    source

   1          #include "prekidi.h"
   2          #include "at89c51rc2.h"
   3          
   4          void omoguci_sve_prekide(void)
   5          {
   6   1        EA = 1;
   7   1      }


MODULE INFORMATION:   STATIC OVERLAYABLE
   CODE SIZE        =      3    ----
   CONSTANT SIZE    =   ----    ----
   XDATA SIZE       =   ----    ----
   PDATA SIZE       =   ----    ----
   DATA SIZE        =   ----    ----
   IDATA SIZE       =   ----    ----
   BIT SIZE         =   ----    ----
END OF MODULE INFORMATION.


C51 COMPILATION COMPLETE.  0 WARNING(S),  0 ERROR(S)
