C51 COMPILER V9.60.7.0   TIMER                                                             01/14/2025 14:04:46 PAGE 1   


C51 COMPILER V9.60.7.0, COMPILATION OF MODULE TIMER
OBJECT MODULE PLACED IN .\Objects\timer.obj
COMPILER INVOKED BY: C:\Keil_v5\C51\BIN\C51.EXE timer.c OPTIMIZE(8,SPEED) BROWSE DEBUG OBJECTEXTEND PRINT(.\Listings\tim
                    -er.lst) TABS(2) OBJECT(.\Objects\timer.obj)

line level    source

   1          #include "timer.h"
   2          #include "at89c51rc2.h"
   3          #include "serijska_komunikacija.h"
   4          
   5          // deklaracija
   6          uint8_t proslo_5s = 0;
   7          
   8          uint16_t brojacPrekida = 0;
   9          
  10          // debounce
  11          // P0_0
  12          uint8_t trenutnoHardverskoStanjeP0_0 = 1;
  13          uint8_t prethodnoHardverskoStanjeP0_0 = 1;
  14          uint8_t brojacStanjeP0_0 = 0;
  15          uint8_t trenutnoSoftverskoStanjeP0_0 = 1;
  16          // P0_1
  17          uint8_t trenutnoHardverskoStanjeP0_1 = 1;
  18          uint8_t prethodnoHardverskoStanjeP0_1 = 1;
  19          uint8_t brojacStanjeP0_1 = 0;
  20          uint8_t trenutnoSoftverskoStanjeP0_1 = 1;
  21          // P0_2
  22          uint8_t trenutnoHardverskoStanjeP0_2 = 1;
  23          uint8_t prethodnoHardverskoStanjeP0_2 = 1;
  24          uint8_t brojacStanjeP0_2 = 0;
  25          uint8_t trenutnoSoftverskoStanjeP0_2 = 1;
  26          // P0_3
  27          uint8_t trenutnoHardverskoStanjeP0_3 = 1;
  28          uint8_t prethodnoHardverskoStanjeP0_3 = 1;
  29          uint8_t brojacStanjeP0_3 = 0;
  30          uint8_t trenutnoSoftverskoStanjeP0_3 = 1;
  31          
  32          void prekid_tajmera(void) interrupt 3
  33          {
  34   1        if(cekaj_5s)  // samo tada treba da ulazi u prekid
  35   1        {
  36   2          if(++brojacPrekida == 25000)
  37   2          {
  38   3            proslo_5s = 1;
  39   3            brojacPrekida = 0;
  40   3          }
  41   2        }
  42   1        
  43   1        // P0_0
  44   1        trenutnoHardverskoStanjeP0_0 = P0_0;    
  45   1        if(trenutnoHardverskoStanjeP0_0 == prethodnoHardverskoStanjeP0_0) 
  46   1        {
  47   2           brojacStanjeP0_0++;
  48   2           if(brojacStanjeP0_0 == 5)
  49   2            trenutnoSoftverskoStanjeP0_0 = trenutnoHardverskoStanjeP0_0;
  50   2        }
  51   1        else
  52   1           brojacStanjeP0_0 = 0; //nisu bila dva ista uzastopna stanja
  53   1        
  54   1        prethodnoHardverskoStanjeP0_0 = trenutnoHardverskoStanjeP0_0;
C51 COMPILER V9.60.7.0   TIMER                                                             01/14/2025 14:04:46 PAGE 2   

  55   1        
  56   1        // P0_1
  57   1        trenutnoHardverskoStanjeP0_1 = P0_1;    
  58   1        if(trenutnoHardverskoStanjeP0_1 == prethodnoHardverskoStanjeP0_1) 
  59   1        {
  60   2           brojacStanjeP0_1++;
  61   2           if(brojacStanjeP0_1 == 5)
  62   2            trenutnoSoftverskoStanjeP0_1 = trenutnoHardverskoStanjeP0_1;
  63   2        }
  64   1        else
  65   1           brojacStanjeP0_1 = 0;
  66   1        
  67   1        prethodnoHardverskoStanjeP0_1 = trenutnoHardverskoStanjeP0_1;
  68   1        
  69   1        // P0_2
  70   1        trenutnoHardverskoStanjeP0_2 = P0_2;    
  71   1        if(trenutnoHardverskoStanjeP0_2 == prethodnoHardverskoStanjeP0_2) 
  72   1        {
  73   2           brojacStanjeP0_2++;
  74   2           if(brojacStanjeP0_2 == 5)
  75   2            trenutnoSoftverskoStanjeP0_2 = trenutnoHardverskoStanjeP0_2;
  76   2        }
  77   1        else
  78   1           brojacStanjeP0_2 = 0;
  79   1        
  80   1        prethodnoHardverskoStanjeP0_2 = trenutnoHardverskoStanjeP0_2;
  81   1        
  82   1        // P0_3
  83   1        trenutnoHardverskoStanjeP0_3 = P0_3;    
  84   1        if(trenutnoHardverskoStanjeP0_3 == prethodnoHardverskoStanjeP0_3) 
  85   1        {
  86   2           brojacStanjeP0_3++;
  87   2           if(brojacStanjeP0_3 == 5)
  88   2            trenutnoSoftverskoStanjeP0_3 = trenutnoHardverskoStanjeP0_3;
  89   2        }
  90   1        else
  91   1           brojacStanjeP0_3 = 0;
  92   1        
  93   1        prethodnoHardverskoStanjeP0_3 = trenutnoHardverskoStanjeP0_3;
  94   1        
  95   1      }
  96          
  97          void init_timer(uint8_t tmod, uint8_t tl, uint8_t th)
  98          {
  99   1        TH1 = th;
 100   1        TL1 = tl;
 101   1        
 102   1        TMOD &= 0x2F;
 103   1        TMOD |= tmod;
 104   1      }
 105          
 106          void start_timer(void)
 107          {
 108   1        TR1 = 1;
 109   1      }
 110          
 111          //void stop_timer(void)
 112          //{
 113          //  TR1 = 0;
 114          //}
 115          
 116          //void rst_timer(uint8_t tl, uint8_t th)
C51 COMPILER V9.60.7.0   TIMER                                                             01/14/2025 14:04:46 PAGE 3   

 117          //{
 118          //  TH1 = th;
 119          //  TL1 = tl;
 120          //}
 121          
 122          void omoguci_prekid_tajmera()
 123          {
 124   1        ET1 = 1;
 125   1      }
 126          
 127          //void onemoguci_prekid_tajmera()
 128          //{
 129          //  ET1 = 0;
 130          //}


MODULE INFORMATION:   STATIC OVERLAYABLE
   CODE SIZE        =    175    ----
   CONSTANT SIZE    =   ----    ----
   XDATA SIZE       =   ----    ----
   PDATA SIZE       =   ----    ----
   DATA SIZE        =     19    ----
   IDATA SIZE       =   ----    ----
   BIT SIZE         =   ----    ----
END OF MODULE INFORMATION.


C51 COMPILATION COMPLETE.  0 WARNING(S),  0 ERROR(S)
